INFO  [2022-01-19 11:40:36,187] io.dropwizard.server.DefaultServerFactory: Registering jersey handler with root path prefix: /
INFO  [2022-01-19 11:40:36,190] io.dropwizard.server.DefaultServerFactory: Registering admin handler with root path prefix: /
INFO  [2022-01-19 11:40:36,191] io.dropwizard.assets.AssetsBundle: Registering AssetBundle with name: grobidAssets for path /*
INFO  [2022-01-19 11:40:36,628] com.hubspot.dropwizard.guicier.DropwizardModule: Added guice injected health check: org.grobid.service.resources.HealthResource
WARN  [2022-01-19 11:40:36,636] org.grobid.core.main.GrobidHomeFinder: Grobid config file location was not explicitly set via 'org.grobid.config' system variable, defaulting to: /home/ubuntu/QuickC/grobid/grobid-home/config/grobid.yaml
INFO  [2022-01-19 11:40:36,665] org.grobid.service.GrobidRestService: Initiating Servlet GrobidRestService
INFO  [2022-01-19 11:40:36,666] org.grobid.core.main.LibraryLoader: Loading external native sequence labelling library
INFO  [2022-01-19 11:40:36,671] org.grobid.core.main.LibraryLoader: Loading Wapiti native library...
INFO  [2022-01-19 11:40:36,672] org.grobid.core.main.LibraryLoader: Native library for sequence labelling loaded
INFO  [2022-01-19 11:40:36,675] org.grobid.core.lexicon.Lexicon: Initiating dictionary
INFO  [2022-01-19 11:40:36,675] org.grobid.core.lexicon.Lexicon: End of Initialization of dictionary
INFO  [2022-01-19 11:40:36,675] org.grobid.core.lexicon.Lexicon: Initiating names
INFO  [2022-01-19 11:40:36,675] org.grobid.core.lexicon.Lexicon: End of initialization of names
INFO  [2022-01-19 11:40:37,124] org.grobid.core.lexicon.Lexicon: Initiating country codes
INFO  [2022-01-19 11:40:37,125] org.grobid.core.lexicon.Lexicon: End of initialization of country codes
INFO  [2022-01-19 11:40:37,267] org.grobid.core.factory.GrobidPoolingFactory: Number of Engines in pool active/max: 1/10
INFO  [2022-01-19 11:40:37,267] org.grobid.service.GrobidRestService: Initiating of Servlet GrobidRestService finished.
INFO  [2022-01-19 11:40:37,279] com.hubspot.dropwizard.guicier.DropwizardModule: Registering org.grobid.service.resources.HealthResource as a root resource class
INFO  [2022-01-19 11:40:37,279] com.hubspot.dropwizard.guicier.DropwizardModule: Registering org.grobid.service.GrobidRestService as a root resource class
INFO  [2022-01-19 11:40:37,280] com.hubspot.dropwizard.guicier.DropwizardModule: Registering org.grobid.service.exceptions.mapper.GrobidServiceExceptionMapper as a provider class
INFO  [2022-01-19 11:40:37,280] com.hubspot.dropwizard.guicier.DropwizardModule: Registering org.grobid.service.exceptions.mapper.GrobidExceptionsTranslationUtility as a provider class
INFO  [2022-01-19 11:40:37,280] com.hubspot.dropwizard.guicier.DropwizardModule: Registering org.grobid.service.exceptions.mapper.GrobidExceptionMapper as a provider class
INFO  [2022-01-19 11:40:37,280] com.hubspot.dropwizard.guicier.DropwizardModule: Registering org.grobid.service.exceptions.mapper.WebApplicationExceptionMapper as a provider class
INFO  [2022-01-19 11:40:37,283] org.grobid.service.main.GrobidServiceApplication: Service config=GrobidServiceConfiguration{server=DefaultServerFactory{applicationConnectors=[io.dropwizard.jetty.HttpConnectorFactory@783115d9], adminConnectors=[io.dropwizard.jetty.HttpConnectorFactory@11de56e6], adminMaxThreads=64, adminMinThreads=1, applicationContextPath=/, adminContextPath=/}, logging=DefaultLoggingFactory{level=INFO, loggers={org.apache.pdfbox.pdmodel.font.PDSimpleFont="OFF"}, appenders=[io.dropwizard.logging.ConsoleAppenderFactory@79b84841, io.dropwizard.logging.FileAppenderFactory@48976e6d]}, metrics=MetricsFactory{frequency=1 minute, reporters=[]}}
INFO  [2022-01-19 11:40:37,308] io.dropwizard.server.ServerFactory: Starting grobid-service

 _______  _______  _______  ______  _________ ______     _______  _______  _______          _________ _______  _______
(  ____ \(  ____ )(  ___  )(  ___ \ \__   __/(  __  \   (  ____ \(  ____ \(  ____ )|\     /|\__   __/(  ____ \(  ____ \
| (    \/| (    )|| (   ) || (   ) )   ) (   | (  \  )  | (    \/| (    \/| (    )|| )   ( |   ) (   | (    \/| (    \/
| |      | (____)|| |   | || (__/ /    | |   | |   ) |  | (_____ | (__    | (____)|| |   | |   | |   | |      | (__
| | ____ |     __)| |   | ||  __ (     | |   | |   | |  (_____  )|  __)   |     __)( (   ) )   | |   | |      |  __)
| | \_  )| (\ (   | |   | || (  \ \    | |   | |   ) |        ) || (      | (\ (    \ \_/ /    | |   | |      | (
| (___) || ) \ \__| (___) || )___) )___) (___| (__/  )  /\____) || (____/\| ) \ \__  \   /  ___) (___| (____/\| (____/\
(_______)|/   \__/(_______)|/ \___/ \_______/(______/   \_______)(_______/|/   \__/   \_/   \_______/(_______/(_______/


INFO  [2022-01-19 11:40:37,402] org.eclipse.jetty.setuid.SetUIDListener: Opened application@17fbfb02{HTTP/1.1,[http/1.1]}{0.0.0.0:8070}
INFO  [2022-01-19 11:40:37,403] org.eclipse.jetty.setuid.SetUIDListener: Opened admin@8f2e3e6{HTTP/1.1,[http/1.1]}{0.0.0.0:8071}
INFO  [2022-01-19 11:40:37,407] org.eclipse.jetty.server.Server: jetty-9.4.18.v20190429; built: 2019-04-29T20:42:08.989Z; git: e1bc35120a6617ee3df052294e433f3a25ce7097; jvm 11.0.13+8-Ubuntu-0ubuntu1.20.04
WARN  [2022-01-19 11:40:37,721] org.glassfish.jersey.internal.inject.Providers: A provider org.grobid.service.exceptions.mapper.GrobidExceptionsTranslationUtility registered in SERVER runtime does not implement any provider interfaces applicable in the SERVER runtime. Due to constraint configuration problems the provider org.grobid.service.exceptions.mapper.GrobidExceptionsTranslationUtility will be ignored. 
INFO  [2022-01-19 11:40:38,022] io.dropwizard.jersey.DropwizardResourceConfig: The following paths were found for the configured resources:

    POST    /api/annotatePDF (org.grobid.service.GrobidRestService)
    POST    /api/citationPatentAnnotations (org.grobid.service.GrobidRestService)
    GET     /api/grobid (org.grobid.service.GrobidRestService)
    GET     /api/health (org.grobid.service.resources.HealthResource)
    GET     /api/isalive (org.grobid.service.GrobidRestService)
    GET     /api/model (org.grobid.service.GrobidRestService)
    POST    /api/model (org.grobid.service.GrobidRestService)
    POST    /api/modelTraining (org.grobid.service.GrobidRestService)
    POST    /api/processAffiliations (org.grobid.service.GrobidRestService)
    PUT     /api/processAffiliations (org.grobid.service.GrobidRestService)
    POST    /api/processCitation (org.grobid.service.GrobidRestService)
    PUT     /api/processCitation (org.grobid.service.GrobidRestService)
    POST    /api/processCitationList (org.grobid.service.GrobidRestService)
    POST    /api/processCitationNames (org.grobid.service.GrobidRestService)
    PUT     /api/processCitationNames (org.grobid.service.GrobidRestService)
    POST    /api/processCitationPatentPDF (org.grobid.service.GrobidRestService)
    POST    /api/processCitationPatentST36 (org.grobid.service.GrobidRestService)
    POST    /api/processCitationPatentTXT (org.grobid.service.GrobidRestService)
    POST    /api/processDate (org.grobid.service.GrobidRestService)
    PUT     /api/processDate (org.grobid.service.GrobidRestService)
    POST    /api/processFulltextAssetDocument (org.grobid.service.GrobidRestService)
    PUT     /api/processFulltextAssetDocument (org.grobid.service.GrobidRestService)
    POST    /api/processFulltextDocument (org.grobid.service.GrobidRestService)
    PUT     /api/processFulltextDocument (org.grobid.service.GrobidRestService)
    POST    /api/processHeaderDocument (org.grobid.service.GrobidRestService)
    PUT     /api/processHeaderDocument (org.grobid.service.GrobidRestService)
    POST    /api/processHeaderNames (org.grobid.service.GrobidRestService)
    PUT     /api/processHeaderNames (org.grobid.service.GrobidRestService)
    POST    /api/processReferences (org.grobid.service.GrobidRestService)
    PUT     /api/processReferences (org.grobid.service.GrobidRestService)
    POST    /api/referenceAnnotations (org.grobid.service.GrobidRestService)
    POST    /api/trainingResult (org.grobid.service.GrobidRestService)
    GET     /api/version (org.grobid.service.GrobidRestService)

INFO  [2022-01-19 11:40:38,030] org.eclipse.jetty.server.handler.ContextHandler: Started i.d.j.MutableServletContextHandler@4b9f7edc{/,null,AVAILABLE}
INFO  [2022-01-19 11:40:38,035] io.dropwizard.setup.AdminEnvironment: tasks = 

    POST    /tasks/log-level (io.dropwizard.servlets.tasks.LogConfigurationTask)
    POST    /tasks/gc (io.dropwizard.servlets.tasks.GarbageCollectionTask)

INFO  [2022-01-19 11:40:38,040] org.eclipse.jetty.server.handler.ContextHandler: Started i.d.j.MutableServletContextHandler@56299b0e{/,null,AVAILABLE}
INFO  [2022-01-19 11:40:38,053] org.eclipse.jetty.server.AbstractConnector: Started application@17fbfb02{HTTP/1.1,[http/1.1]}{0.0.0.0:8070}
INFO  [2022-01-19 11:40:38,056] org.eclipse.jetty.server.AbstractConnector: Started admin@8f2e3e6{HTTP/1.1,[http/1.1]}{0.0.0.0:8071}
INFO  [2022-01-19 11:40:38,056] org.eclipse.jetty.server.Server: Started @3573ms
INFO  [2022-01-19 11:56:57,351] org.eclipse.jetty.server.AbstractConnector: Stopped application@17fbfb02{HTTP/1.1,[http/1.1]}{0.0.0.0:8070}
INFO  [2022-01-19 11:56:57,354] org.eclipse.jetty.server.AbstractConnector: Stopped admin@8f2e3e6{HTTP/1.1,[http/1.1]}{0.0.0.0:8071}
INFO  [2022-01-19 11:56:57,356] org.eclipse.jetty.server.handler.ContextHandler: Stopped i.d.j.MutableServletContextHandler@56299b0e{/,null,UNAVAILABLE}
INFO  [2022-01-19 11:56:57,364] org.eclipse.jetty.server.handler.ContextHandler: Stopped i.d.j.MutableServletContextHandler@4b9f7edc{/,null,UNAVAILABLE}
